0 verbose cli /Users/dmr/.nvm/versions/node/v20.19.5/bin/node /Users/dmr/.nvm/versions/node/v20.19.5/bin/npm
1 info using npm@10.8.2
2 info using node@v20.19.5
3 silly config load:file:/Users/dmr/.nvm/versions/node/v20.19.5/lib/node_modules/npm/npmrc
4 silly config load:file:/Users/dmr/Desktop/expo-nativewind-template-main/.npmrc
5 silly config load:file:/Users/dmr/.npmrc
6 silly config load:file:/Users/dmr/.nvm/versions/node/v20.19.5/etc/npmrc
7 verbose title npm install
8 verbose argv "install" "--cache" ".npm-cache" "--prefer-offline"
9 verbose logfile logs-max:10 dir:/Users/dmr/Desktop/expo-nativewind-template-main/.npm-cache/_logs/2026-01-11T16_09_06_687Z-
10 verbose logfile /Users/dmr/Desktop/expo-nativewind-template-main/.npm-cache/_logs/2026-01-11T16_09_06_687Z-debug-0.log
11 silly packumentCache heap:4345298944 maxSize:1086324736 maxEntrySize:543162368
12 silly logfile done cleaning log files
13 silly idealTree buildDeps
14 silly fetch manifest rimraf@^5.0.0
15 silly packumentCache full:https://registry.npmjs.org/rimraf cache-miss
16 http fetch GET 200 https://registry.npmjs.org/rimraf 314ms (cache miss)
17 silly packumentCache full:https://registry.npmjs.org/rimraf set size:undefined disposed:false
18 silly placeDep ROOT rimraf@5.0.10 REPLACE for: chromium-edge-launcher@0.2.0 want: ^5.0.0
19 silly fetch manifest glob@^10.3.7
20 silly packumentCache full:https://registry.npmjs.org/glob cache-miss
21 http fetch GET 200 https://registry.npmjs.org/glob 58ms (cache miss)
22 silly packumentCache full:https://registry.npmjs.org/glob set size:undefined disposed:false
23 silly placeDep node_modules/rimraf glob@10.5.0 OK for: rimraf@5.0.10 want: ^10.3.7
24 silly fetch manifest minimatch@^9.0.4
25 silly packumentCache full:https://registry.npmjs.org/minimatch cache-miss
26 http fetch GET 200 https://registry.npmjs.org/minimatch 74ms (cache miss)
27 silly packumentCache full:https://registry.npmjs.org/minimatch set size:undefined disposed:false
28 silly placeDep node_modules/rimraf minimatch@9.0.5 OK for: glob@10.5.0 want: ^9.0.4
29 silly fetch manifest brace-expansion@^2.0.1
30 silly packumentCache full:https://registry.npmjs.org/brace-expansion cache-miss
31 http fetch GET 200 https://registry.npmjs.org/brace-expansion 38ms (cache miss)
32 silly packumentCache full:https://registry.npmjs.org/brace-expansion set size:undefined disposed:false
33 silly placeDep node_modules/rimraf brace-expansion@2.0.2 OK for: minimatch@9.0.5 want: ^2.0.1
34 silly reify mark retired [
34 silly reify   '/Users/dmr/Desktop/expo-nativewind-template-main/node_modules/rimraf',
34 silly reify   '/Users/dmr/Desktop/expo-nativewind-template-main/node_modules/.bin/rimraf'
34 silly reify ]
35 silly reify moves {
35 silly reify   '/Users/dmr/Desktop/expo-nativewind-template-main/node_modules/rimraf': '/Users/dmr/Desktop/expo-nativewind-template-main/node_modules/.rimraf-XOvNXoNR',
35 silly reify   '/Users/dmr/Desktop/expo-nativewind-template-main/node_modules/.bin/rimraf': '/Users/dmr/Desktop/expo-nativewind-template-main/node_modules/.bin/.rimraf-i8XAy9vI'
35 silly reify }
36 silly audit bulk request {
36 silly audit   '@0no-co/graphql.web': [ '1.2.0' ],
36 silly audit   '@alloc/quick-lru': [ '5.2.0' ],
36 silly audit   '@babel/code-frame': [ '7.27.1', '7.10.4' ],
36 silly audit   '@babel/compat-data': [ '7.28.4' ],
36 silly audit   '@babel/core': [ '7.28.4' ],
36 silly audit   '@babel/generator': [ '7.28.5' ],
36 silly audit   '@babel/helper-annotate-as-pure': [ '7.27.3' ],
36 silly audit   '@babel/helper-compilation-targets': [ '7.27.2' ],
36 silly audit   '@babel/helper-create-class-features-plugin': [ '7.28.3' ],
36 silly audit   '@babel/helper-create-regexp-features-plugin': [ '7.27.1' ],
36 silly audit   '@babel/helper-define-polyfill-provider': [ '0.6.5' ],
36 silly audit   '@babel/helper-globals': [ '7.28.0' ],
36 silly audit   '@babel/helper-member-expression-to-functions': [ '7.27.1' ],
36 silly audit   '@babel/helper-module-imports': [ '7.27.1' ],
36 silly audit   '@babel/helper-module-transforms': [ '7.28.3' ],
36 silly audit   '@babel/helper-optimise-call-expression': [ '7.27.1' ],
36 silly audit   '@babel/helper-plugin-utils': [ '7.27.1' ],
36 silly audit   '@babel/helper-remap-async-to-generator': [ '7.27.1' ],
36 silly audit   '@babel/helper-replace-supers': [ '7.27.1' ],
36 silly audit   '@babel/helper-skip-transparent-expression-wrappers': [ '7.27.1' ],
36 silly audit   '@babel/helper-string-parser': [ '7.27.1' ],
36 silly audit   '@babel/helper-validator-identifier': [ '7.28.5' ],
36 silly audit   '@babel/helper-validator-option': [ '7.27.1' ],
36 silly audit   '@babel/helper-wrap-function': [ '7.28.3' ],
36 silly audit   '@babel/helpers': [ '7.28.4' ],
36 silly audit   '@babel/highlight': [ '7.25.9' ],
36 silly audit   'ansi-styles': [ '3.2.1', '6.2.3', '4.3.0', '5.2.0' ],
36 silly audit   chalk: [ '2.4.2', '4.1.2' ],
36 silly audit   'color-convert': [ '1.9.3', '2.0.1' ],
36 silly audit   'color-name': [ '1.1.3', '1.1.4' ],
36 silly audit   'escape-string-regexp': [ '1.0.5', '4.0.0', '2.0.0' ],
36 silly audit   'has-flag': [ '3.0.0', '4.0.0' ],
36 silly audit   'supports-color': [ '5.5.0', '8.1.1', '7.2.0' ],
36 silly audit   '@babel/parser': [ '7.28.5' ],
36 silly audit   '@babel/plugin-proposal-decorators': [ '7.28.0' ],
36 silly audit   '@babel/plugin-proposal-export-default-from': [ '7.27.1' ],
36 silly audit   '@babel/plugin-syntax-async-generators': [ '7.8.4' ],
36 silly audit   '@babel/plugin-syntax-bigint': [ '7.8.3' ],
36 silly audit   '@babel/plugin-syntax-class-properties': [ '7.12.13' ],
36 silly audit   '@babel/plugin-syntax-class-static-block': [ '7.14.5' ],
36 silly audit   '@babel/plugin-syntax-decorators': [ '7.27.1' ],
36 silly audit   '@babel/plugin-syntax-dynamic-import': [ '7.8.3' ],
36 silly audit   '@babel/plugin-syntax-export-default-from': [ '7.27.1' ],
36 silly audit   '@babel/plugin-syntax-flow': [ '7.27.1' ],
36 silly audit   '@babel/plugin-syntax-import-attributes': [ '7.27.1' ],
36 silly audit   '@babel/plugin-syntax-import-meta': [ '7.10.4' ],
36 silly audit   '@babel/plugin-syntax-json-strings': [ '7.8.3' ],
36 silly audit   '@babel/plugin-syntax-jsx': [ '7.27.1' ],
36 silly audit   '@babel/plugin-syntax-logical-assignment-operators': [ '7.10.4' ],
36 silly audit   '@babel/plugin-syntax-nullish-coalescing-operator': [ '7.8.3' ],
36 silly audit   '@babel/plugin-syntax-numeric-separator': [ '7.10.4' ],
36 silly audit   '@babel/plugin-syntax-object-rest-spread': [ '7.8.3' ],
36 silly audit   '@babel/plugin-syntax-optional-catch-binding': [ '7.8.3' ],
36 silly audit   '@babel/plugin-syntax-optional-chaining': [ '7.8.3' ],
36 silly audit   '@babel/plugin-syntax-private-property-in-object': [ '7.14.5' ],
36 silly audit   '@babel/plugin-syntax-top-level-await': [ '7.14.5' ],
36 silly audit   '@babel/plugin-syntax-typescript': [ '7.27.1' ],
36 silly audit   '@babel/plugin-transform-arrow-functions': [ '7.27.1' ],
36 silly audit   '@babel/plugin-transform-async-generator-functions': [ '7.28.0' ],
36 silly audit   '@babel/plugin-transform-async-to-generator': [ '7.27.1' ],
36 silly audit   '@babel/plugin-transform-block-scoping': [ '7.28.5' ],
36 silly audit   '@babel/plugin-transform-class-properties': [ '7.27.1' ],
36 silly audit   '@babel/plugin-transform-classes': [ '7.28.4' ],
36 silly audit   '@babel/plugin-transform-computed-properties': [ '7.27.1' ],
36 silly audit   '@babel/plugin-transform-destructuring': [ '7.28.5' ],
36 silly audit   '@babel/plugin-transform-export-namespace-from': [ '7.27.1' ],
36 silly audit   '@babel/plugin-transform-flow-strip-types': [ '7.27.1' ],
36 silly audit   '@babel/plugin-transform-for-of': [ '7.27.1' ],
36 silly audit   '@babel/plugin-transform-function-name': [ '7.27.1' ],
36 silly audit   '@babel/plugin-transform-literals': [ '7.27.1' ],
36 silly audit   '@babel/plugin-transform-logical-assignment-operators': [ '7.28.5' ],
36 silly audit   '@babel/plugin-transform-modules-commonjs': [ '7.27.1' ],
36 silly audit   '@babel/plugin-transform-named-capturing-groups-regex': [ '7.27.1' ],
36 silly audit   '@babel/plugin-transform-nullish-coalescing-operator': [ '7.27.1' ],
36 silly audit   '@babel/plugin-transform-numeric-separator': [ '7.27.1' ],
36 silly audit   '@babel/plugin-transform-object-rest-spread': [ '7.28.4' ],
36 silly audit   '@babel/plugin-transform-optional-catch-binding': [ '7.27.1' ],
36 silly audit   '@babel/plugin-transform-optional-chaining': [ '7.27.1' ],
36 silly audit   '@babel/plugin-transform-parameters': [ '7.27.7' ],
36 silly audit   '@babel/plugin-transform-private-methods': [ '7.27.1' ],
36 silly audit   '@babel/plugin-transform-private-property-in-object': [ '7.27.1' ],
36 silly audit   '@babel/plugin-transform-react-display-name': [ '7.28.0' ],
36 silly audit   '@babel/plugin-transform-react-jsx': [ '7.27.1' ],
36 silly audit   '@babel/plugin-transform-react-jsx-development': [ '7.27.1' ],
36 silly audit   '@babel/plugin-transform-react-jsx-self': [ '7.27.1' ],
36 silly audit   '@babel/plugin-transform-react-jsx-source': [ '7.27.1' ],
36 silly audit   '@babel/plugin-transform-react-pure-annotations': [ '7.27.1' ],
36 silly audit   '@babel/plugin-transform-regenerator': [ '7.28.4' ],
36 silly audit   '@babel/plugin-transform-runtime': [ '7.28.5' ],
36 silly audit   '@babel/plugin-transform-shorthand-properties': [ '7.27.1' ],
36 silly audit   '@babel/plugin-transform-spread': [ '7.27.1' ],
36 silly audit   '@babel/plugin-transform-sticky-regex': [ '7.27.1' ],
36 silly audit   '@babel/plugin-transform-template-literals': [ '7.27.1' ],
36 silly audit   '@babel/plugin-transform-typescript': [ '7.28.0' ],
36 silly audit   '@babel/plugin-transform-unicode-regex': [ '7.27.1' ],
36 silly audit   '@babel/preset-react': [ '7.27.1' ],
36 silly audit   '@babel/preset-typescript': [ '7.27.1' ],
36 silly audit   '@babel/runtime': [ '7.28.4' ],
36 silly audit   '@babel/template': [ '7.27.2' ],
36 silly audit   '@babel/traverse': [ '7.28.5', '7.28.4' ],
36 silly audit   '@babel/types': [ '7.28.5' ],
36 silly audit   '@egjs/hammerjs': [ '2.0.17' ],
36 silly audit   '@emnapi/core': [ '1.5.0' ],
36 silly audit   '@emnapi/runtime': [ '1.5.0' ],
36 silly audit   '@emnapi/wasi-threads': [ '1.1.0' ],
36 silly audit   '@eslint-community/eslint-utils': [ '4.9.0' ],
36 silly audit   'eslint-visitor-keys': [ '3.4.3', '4.2.1' ],
36 silly audit   '@eslint-community/regexpp': [ '4.12.1' ],
36 silly audit   '@eslint/config-array': [ '0.21.0' ],
36 silly audit   '@eslint/config-helpers': [ '0.3.1' ],
36 silly audit   '@eslint/core': [ '0.15.2' ],
36 silly audit   '@eslint/eslintrc': [ '3.3.1' ],
36 silly audit   '@eslint/js': [ '9.35.0' ],
36 silly audit   '@eslint/object-schema': [ '2.1.6' ],
36 silly audit   '@eslint/plugin-kit': [ '0.3.5' ],
36 silly audit   '@expo/cli': [ '0.24.23' ],
36 silly audit   'brace-expansion': [ '2.0.2', '1.1.12' ],
36 silly audit   glob: [ '10.5.0', '10.4.5', '7.2.3' ],
36 silly audit   minimatch: [ '9.0.5', '3.1.2' ],
36 silly audit   semver: [ '7.7.3', '7.7.2', '7.6.3', '6.3.1' ],
36 silly audit   '@expo/code-signing-certificates': [ '0.0.5' ],
36 silly audit   '@expo/config': [ '11.0.13' ],
36 silly audit   '@expo/config-plugins': [ '10.1.2' ],
36 silly audit   '@expo/config-types': [ '53.0.5' ],
36 silly audit   '@expo/devcert': [ '1.2.1' ],
36 silly audit   debug: [ '3.2.7', '2.6.9', '4.4.1' ],
36 silly audit   '@expo/env': [ '1.0.7' ],
36 silly audit   '@expo/fingerprint': [ '0.13.4' ],
36 silly audit   '@expo/image-utils': [ '0.7.6' ],
36 silly audit   '@expo/json-file': [ '9.1.5', '10.0.8' ],
36 silly audit   '@expo/metro-config': [ '0.20.18' ],
36 silly audit   '@expo/metro-runtime': [ '5.0.5' ],
36 silly audit   '@expo/osascript': [ '2.3.8' ],
36 silly audit   '@expo/package-manager': [ '1.9.9' ],
36 silly audit   '@expo/plist': [ '0.3.5' ],
36 silly audit   '@expo/prebuild-config': [ '9.0.12' ],
36 silly audit   '@expo/schema-utils': [ '0.1.0' ],
36 silly audit   '@expo/sdk-runtime-versions': [ '1.0.0' ],
36 silly audit   '@expo/server': [ '0.6.3' ],
36 silly audit   '@expo/spawn-async': [ '1.7.2' ],
36 silly audit   '@expo/sudo-prompt': [ '9.3.2' ],
36 silly audit   '@expo/vector-icons': [ '14.1.0' ],
36 silly audit   '@expo/ws-tunnel': [ '1.0.6' ],
36 silly audit   '@expo/xcpretty': [ '4.3.2' ],
36 silly audit   '@floating-ui/core': [ '1.7.3' ],
36 silly audit   '@floating-ui/dom': [ '1.7.4' ],
36 silly audit   '@floating-ui/utils': [ '0.2.10' ],
36 silly audit   '@gorhom/bottom-sheet': [ '5.2.6' ],
36 silly audit   '@gorhom/portal': [ '1.0.14' ],
36 silly audit   '@humanfs/core': [ '0.19.1' ],
36 silly audit   '@humanfs/node': [ '0.16.7' ],
36 silly audit   '@humanwhocodes/module-importer': [ '1.0.1' ],
36 silly audit   '@humanwhocodes/retry': [ '0.4.3' ],
36 silly audit   '@ide/backoff': [ '1.0.0' ],
36 silly audit   '@isaacs/cliui': [ '8.0.2' ],
36 silly audit   'ansi-regex': [ '6.2.2', '5.0.1', '4.1.1' ],
36 silly audit   'emoji-regex': [ '9.2.2', '8.0.0' ],
36 silly audit   'string-width': [ '5.1.2', '4.2.3' ],
36 silly audit   'strip-ansi': [ '7.1.2', '6.0.1', '5.2.0' ],
36 silly audit   'wrap-ansi': [ '8.1.0', '7.0.0' ],
36 silly audit   '@isaacs/fs-minipass': [ '4.0.1' ],
36 silly audit   '@isaacs/ttlcache': [ '1.4.1' ],
36 silly audit   '@istanbuljs/load-nyc-config': [ '1.1.0' ],
36 silly audit   argparse: [ '1.0.10', '2.0.1' ],
36 silly audit   'find-up': [ '4.1.0', '5.0.0' ],
36 silly audit   'js-yaml': [ '3.14.1', '4.1.0' ],
36 silly audit   'locate-path': [ '5.0.0', '6.0.0' ],
36 silly audit   'p-limit': [ '2.3.0', '3.1.0' ],
36 silly audit   'p-locate': [ '4.1.0', '5.0.0' ],
36 silly audit   '@istanbuljs/schema': [ '0.1.3' ],
36 silly audit   '@jest/create-cache-key-function': [ '29.7.0' ],
36 silly audit   '@jest/environment': [ '29.7.0' ],
36 silly audit   '@jest/fake-timers': [ '29.7.0' ],
36 silly audit   '@jest/schemas': [ '29.6.3' ],
36 silly audit   '@jest/transform': [ '29.7.0' ],
36 silly audit   '@jest/types': [ '29.6.3' ],
36 silly audit   '@jridgewell/gen-mapping': [ '0.3.13' ],
36 silly audit   '@jridgewell/remapping': [ '2.3.5' ],
36 silly audit   '@jridgewell/resolve-uri': [ '3.1.2' ],
36 silly audit   '@jridgewell/source-map': [ '0.3.11' ],
36 silly audit   '@jridgewell/sourcemap-codec': [ '1.5.5' ],
36 silly audit   '@jridgewell/trace-mapping': [ '0.3.30' ],
36 silly audit   '@napi-rs/wasm-runtime': [ '0.2.12' ],
36 silly audit   '@nodelib/fs.scandir': [ '2.1.5' ],
36 silly audit   '@nodelib/fs.stat': [ '2.0.5' ],
36 silly audit   '@nodelib/fs.walk': [ '1.2.8' ],
36 silly audit   '@nolyfill/is-core-module': [ '1.0.39' ],
36 silly audit   '@pkgjs/parseargs': [ '0.11.0' ],
36 silly audit   '@radix-ui/number': [ '1.1.1' ],
36 silly audit   '@radix-ui/primitive': [ '1.1.3' ],
36 silly audit   '@radix-ui/react-compose-refs': [ '1.1.2' ],
36 silly audit   '@radix-ui/react-context': [ '1.1.2' ],
36 silly audit   '@radix-ui/react-direction': [ '1.1.1' ],
36 silly audit   '@radix-ui/react-focus-guards': [ '1.1.3' ],
36 silly audit   '@radix-ui/react-id': [ '1.1.1' ],
36 silly audit   '@radix-ui/react-slot': [ '1.2.0', '1.2.3' ],
36 silly audit   '@radix-ui/react-use-callback-ref': [ '1.1.1' ],
36 silly audit   '@radix-ui/react-use-controllable-state': [ '1.2.2' ],
36 silly audit   '@radix-ui/react-use-effect-event': [ '0.0.2' ],
36 silly audit   '@radix-ui/react-use-escape-keydown': [ '1.1.1' ],
36 silly audit   '@radix-ui/react-use-layout-effect': [ '1.1.1' ],
36 silly audit   '@radix-ui/react-use-previous': [ '1.1.1' ],
36 silly audit   '@radix-ui/react-use-rect': [ '1.1.1' ],
36 silly audit   '@radix-ui/react-use-size': [ '1.1.1' ],
36 silly audit   '@radix-ui/rect': [ '1.1.1' ],
36 silly audit   '@react-native-async-storage/async-storage': [ '2.1.2' ],
36 silly audit   '@react-native-community/netinfo': [ '11.4.1' ],
36 silly audit   '@react-native/assets-registry': [ '0.79.6' ],
36 silly audit   '@react-native/babel-plugin-codegen': [ '0.79.0-rc.4', '0.79.6' ],
36 silly audit   '@react-native/codegen': [ '0.79.0-rc.4', '0.79.6' ],
36 silly audit   '@react-native/babel-preset': [ '0.79.0-rc.4', '0.79.6' ],
36 silly audit   '@react-native/community-cli-plugin': [ '0.79.6' ],
36 silly audit   ms: [ '2.0.0', '2.1.3' ],
36 silly audit   '@react-native/debugger-frontend': [ '0.79.6' ],
36 silly audit   '@react-native/dev-middleware': [ '0.79.6' ],
36 silly audit   ws: [ '6.2.3', '7.5.10', '8.19.0' ],
36 silly audit   '@react-native/gradle-plugin': [ '0.79.6' ],
36 silly audit   '@react-native/js-polyfills': [ '0.79.6' ],
36 silly audit   '@react-native/normalize-colors': [ '0.79.6', '0.74.89' ],
36 silly audit   '@react-navigation/bottom-tabs': [ '7.4.7' ],
36 silly audit   '@react-navigation/core': [ '7.12.4' ],
36 silly audit   '@react-navigation/elements': [ '2.6.4' ],
36 silly audit   '@react-navigation/native': [ '7.1.17' ],
36 silly audit   '@react-navigation/native-stack': [ '7.3.26' ],
36 silly audit   '@react-navigation/routers': [ '7.5.1' ],
36 silly audit   '@rn-primitives/accordion': [ '1.2.0' ],
36 silly audit   '@radix-ui/react-accordion': [ '1.2.12' ],
36 silly audit   '@radix-ui/react-collapsible': [ '1.1.12' ],
36 silly audit   '@radix-ui/react-presence': [ '1.1.5' ],
36 silly audit   '@radix-ui/react-collection': [ '1.1.7' ],
36 silly audit   '@radix-ui/react-primitive': [ '2.1.3' ],
36 silly audit   '@rn-primitives/avatar': [ '1.2.0' ],
36 silly audit   '@rn-primitives/checkbox': [ '1.2.0' ],
36 silly audit   '@radix-ui/react-checkbox': [ '1.3.3' ],
36 silly audit   '@rn-primitives/context-menu': [ '1.2.0' ],
36 silly audit   '@radix-ui/react-context-menu': [ '2.2.16' ],
36 silly audit   '@radix-ui/react-menu': [ '2.1.16' ],
36 silly audit   '@radix-ui/react-dismissable-layer': [ '1.1.11' ],
36 silly audit   '@radix-ui/react-focus-scope': [ '1.1.7' ],
36 silly audit   '@radix-ui/react-popper': [ '1.2.8' ],
36 silly audit   '@floating-ui/react-dom': [ '2.1.6' ],
36 silly audit   '@radix-ui/react-arrow': [ '1.1.7' ],
36 silly audit   '@radix-ui/react-portal': [ '1.1.9' ],
36 silly audit   '@radix-ui/react-roving-focus': [ '1.1.11' ],
36 silly audit   '@rn-primitives/hooks': [ '1.3.0' ],
36 silly audit   '@rn-primitives/label': [ '1.2.0' ],
36 silly audit   '@radix-ui/react-label': [ '2.1.7' ],
36 silly audit   '@rn-primitives/portal': [ '1.3.0' ],
36 silly audit   '@rn-primitives/radio-group': [ '1.2.0' ],
36 silly audit   '@radix-ui/react-radio-group': [ '1.3.8' ],
36 silly audit   '@rn-primitives/select': [ '1.2.0' ],
36 silly audit   '@radix-ui/react-select': [ '2.2.6' ],
36 silly audit   '@radix-ui/react-visually-hidden': [ '1.2.3' ],
36 silly audit   '@rn-primitives/slot': [ '1.2.0' ],
36 silly audit   '@rn-primitives/switch': [ '1.2.0' ],
36 silly audit   '@radix-ui/react-switch': [ '1.2.6' ],
36 silly audit   '@rn-primitives/tabs': [ '1.2.0' ],
36 silly audit   '@radix-ui/react-tabs': [ '1.1.13' ],
36 silly audit   '@rn-primitives/types': [ '1.2.0' ],
36 silly audit   '@rn-primitives/utils': [ '1.2.0' ],
36 silly audit   '@rtsao/scc': [ '1.1.0' ],
36 silly audit   '@sinclair/typebox': [ '0.27.8' ],
36 silly audit   '@sinonjs/commons': [ '3.0.1' ],
36 silly audit   '@sinonjs/fake-timers': [ '10.3.0' ],
36 silly audit   '@supabase/auth-js': [ '2.90.1' ],
36 silly audit   '@supabase/functions-js': [ '2.90.1' ],
36 silly audit   '@supabase/postgrest-js': [ '2.90.1' ],
36 silly audit   '@supabase/realtime-js': [ '2.90.1' ],
36 silly audit   '@supabase/storage-js': [ '2.90.1' ],
36 silly audit   '@supabase/supabase-js': [ '2.90.1' ],
36 silly audit   '@tybys/wasm-util': [ '0.10.0' ],
36 silly audit   '@types/babel__core': [ '7.20.5' ],
36 silly audit   '@types/babel__generator': [ '7.27.0' ],
36 silly audit   '@types/babel__template': [ '7.4.4' ],
36 silly audit   '@types/babel__traverse': [ '7.28.0' ],
36 silly audit   '@types/estree': [ '1.0.8' ],
36 silly audit   '@types/graceful-fs': [ '4.1.9' ],
36 silly audit   '@types/hammerjs': [ '2.0.46' ],
36 silly audit   '@types/istanbul-lib-coverage': [ '2.0.6' ],
36 silly audit   '@types/istanbul-lib-report': [ '3.0.3' ],
36 silly audit   '@types/istanbul-reports': [ '3.0.4' ],
36 silly audit   '@types/json-schema': [ '7.0.15' ],
36 silly audit   '@types/json5': [ '0.0.29' ],
36 silly audit   '@types/node': [ '24.3.1' ],
36 silly audit   '@types/phoenix': [ '1.6.7' ],
36 silly audit   '@types/react': [ '19.0.14' ],
36 silly audit   '@types/stack-utils': [ '2.0.3' ],
36 silly audit   '@types/ws': [ '8.18.1' ],
36 silly audit   '@types/yargs': [ '17.0.33' ],
36 silly audit   '@types/yargs-parser': [ '21.0.3' ],
36 silly audit   '@typescript-eslint/eslint-plugin': [ '8.43.0' ],
36 silly audit   ignore: [ '7.0.5', '5.3.2' ],
36 silly audit   '@typescript-eslint/parser': [ '8.43.0' ],
36 silly audit   '@typescript-eslint/project-service': [ '8.43.0' ],
36 silly audit   '@typescript-eslint/scope-manager': [ '8.43.0' ],
36 silly audit   '@typescript-eslint/tsconfig-utils': [ '8.43.0' ],
36 silly audit   '@typescript-eslint/type-utils': [ '8.43.0' ],
36 silly audit   '@typescript-eslint/types': [ '8.43.0' ],
36 silly audit   '@typescript-eslint/typescript-estree': [ '8.43.0' ],
36 silly audit   '@typescript-eslint/utils': [ '8.43.0' ],
36 silly audit   '@typescript-eslint/visitor-keys': [ '8.43.0' ],
36 silly audit   '@unrs/resolver-binding-android-arm-eabi': [ '1.11.1' ],
36 silly audit   '@unrs/resolver-binding-android-arm64': [ '1.11.1' ],
36 silly audit   '@unrs/resolver-binding-darwin-arm64': [ '1.11.1' ],
36 silly audit   '@unrs/resolver-binding-darwin-x64': [ '1.11.1' ],
36 silly audit   '@unrs/resolver-binding-freebsd-x64': [ '1.11.1' ],
36 silly audit   '@unrs/resolver-binding-linux-arm-gnueabihf': [ '1.11.1' ],
36 silly audit   '@unrs/resolver-binding-linux-arm-musleabihf': [ '1.11.1' ],
36 silly audit   '@unrs/resolver-binding-linux-arm64-gnu': [ '1.11.1' ],
36 silly audit   '@unrs/resolver-binding-linux-arm64-musl': [ '1.11.1' ],
36 silly audit   '@unrs/resolver-binding-linux-ppc64-gnu': [ '1.11.1' ],
36 silly audit   '@unrs/resolver-binding-linux-riscv64-gnu': [ '1.11.1' ],
36 silly audit   '@unrs/resolver-binding-linux-riscv64-musl': [ '1.11.1' ],
36 silly audit   '@unrs/resolver-binding-linux-s390x-gnu': [ '1.11.1' ],
36 silly audit   '@unrs/resolver-binding-linux-x64-gnu': [ '1.11.1' ],
36 silly audit   '@unrs/resolver-binding-linux-x64-musl': [ '1.11.1' ],
36 silly audit   '@unrs/resolver-binding-wasm32-wasi': [ '1.11.1' ],
36 silly audit   '@unrs/resolver-binding-win32-arm64-msvc': [ '1.11.1' ],
36 silly audit   '@unrs/resolver-binding-win32-ia32-msvc': [ '1.11.1' ],
36 silly audit   '@unrs/resolver-binding-win32-x64-msvc': [ '1.11.1' ],
36 silly audit   '@urql/core': [ '5.2.0' ],
36 silly audit   '@urql/exchange-retry': [ '1.3.2' ],
36 silly audit   '@xmldom/xmldom': [ '0.8.11' ],
36 silly audit   '@yarnpkg/lockfile': [ '1.1.0' ],
36 silly audit   'abort-controller': [ '3.0.0' ],
36 silly audit   accepts: [ '1.3.8' ],
36 silly audit   acorn: [ '8.15.0' ],
36 silly audit   'acorn-jsx': [ '5.3.2' ],
36 silly audit   'agent-base': [ '7.1.4' ],
36 silly audit   ajv: [ '6.12.6', '8.11.0' ],
36 silly audit   anser: [ '1.4.10' ],
36 silly audit   'ansi-escapes': [ '4.3.2' ],
36 silly audit   'type-fest': [ '0.21.3', '0.7.1' ],
36 silly audit   'any-promise': [ '1.3.0' ],
36 silly audit   anymatch: [ '3.1.3' ],
36 silly audit   picomatch: [ '2.3.1', '3.0.1', '4.0.3' ],
36 silly audit   arg: [ '5.0.2' ],
36 silly audit   'aria-hidden': [ '1.2.6' ],
36 silly audit   'array-buffer-byte-length': [ '1.0.2' ],
36 silly audit   'array-includes': [ '3.1.9' ],
36 silly audit   'array-timsort': [ '1.0.3' ],
36 silly audit   'array.prototype.findlast': [ '1.2.5' ],
36 silly audit   'array.prototype.findlastindex': [ '1.2.6' ],
36 silly audit   'array.prototype.flat': [ '1.3.3' ],
36 silly audit   'array.prototype.flatmap': [ '1.3.3' ],
36 silly audit   'array.prototype.tosorted': [ '1.1.4' ],
36 silly audit   'arraybuffer.prototype.slice': [ '1.0.4' ],
36 silly audit   asap: [ '2.0.6' ],
36 silly audit   assert: [ '2.1.0' ],
36 silly audit   'async-function': [ '1.0.0' ],
36 silly audit   'async-limiter': [ '1.0.1' ],
36 silly audit   'available-typed-arrays': [ '1.0.7' ],
36 silly audit   'babel-jest': [ '29.7.0' ],
36 silly audit   'babel-plugin-istanbul': [ '6.1.1' ],
36 silly audit   'babel-plugin-jest-hoist': [ '29.6.3' ],
36 silly audit   'babel-plugin-polyfill-corejs2': [ '0.4.14' ],
36 silly audit   'babel-plugin-polyfill-corejs3': [ '0.13.0' ],
36 silly audit   'babel-plugin-polyfill-regenerator': [ '0.6.5' ],
36 silly audit   'babel-plugin-react-native-web': [ '0.19.13' ],
36 silly audit   'babel-plugin-syntax-hermes-parser': [ '0.25.1' ],
36 silly audit   'babel-plugin-transform-flow-enums': [ '0.0.2' ],
36 silly audit   'babel-preset-current-node-syntax': [ '1.2.0' ],
36 silly audit   'babel-preset-expo': [ '13.0.0', '13.2.4' ],
36 silly audit   'babel-preset-jest': [ '29.6.3' ],
36 silly audit   badgin: [ '1.2.3' ],
36 silly audit   'balanced-match': [ '1.0.2' ],
36 silly audit   'base64-js': [ '1.5.1' ],
36 silly audit   'baseline-browser-mapping': [ '2.9.12' ],
36 silly audit   'better-opn': [ '3.0.2' ],
36 silly audit   open: [ '8.4.2', '7.4.2' ],
36 silly audit   'big-integer': [ '1.6.52' ],
36 silly audit   'binary-extensions': [ '2.3.0' ],
36 silly audit   boolbase: [ '1.0.0' ],
36 silly audit   'bplist-creator': [ '0.1.0' ],
36 silly audit   'bplist-parser': [ '0.3.2', '0.3.1' ],
36 silly audit   braces: [ '3.0.3' ],
36 silly audit   browserslist: [ '4.28.1' ],
36 silly audit   bser: [ '2.1.1' ],
36 silly audit   buffer: [ '5.7.1' ],
36 silly audit   'buffer-from': [ '1.1.2' ],
36 silly audit   bytes: [ '3.1.2' ],
36 silly audit   'call-bind': [ '1.0.8' ],
36 silly audit   'call-bind-apply-helpers': [ '1.0.2' ],
36 silly audit   'call-bound': [ '1.0.4' ],
36 silly audit   'caller-callsite': [ '2.0.0' ],
36 silly audit   callsites: [ '2.0.0', '3.1.0' ],
36 silly audit   'caller-path': [ '2.0.0' ],
36 silly audit   camelcase: [ '5.3.1', '6.3.0' ],
36 silly audit   'camelcase-css': [ '2.0.1' ],
36 silly audit   'caniuse-lite': [ '1.0.30001762' ],
36 silly audit   chokidar: [ '3.6.0' ],
36 silly audit   'glob-parent': [ '5.1.2', '6.0.2' ],
36 silly audit   chownr: [ '3.0.0' ],
36 silly audit   'chrome-launcher': [ '0.15.2' ],
36 silly audit   'chromium-edge-launcher': [ '0.2.0' ],
36 silly audit   'ci-info': [ '3.9.0', '2.0.0' ],
36 silly audit   'class-variance-authority': [ '0.7.1' ],
36 silly audit   'cli-cursor': [ '2.1.0' ],
36 silly audit   'cli-spinners': [ '2.9.2' ],
36 silly audit   'client-only': [ '0.0.1' ],
36 silly audit   cliui: [ '8.0.1' ],
36 silly audit   clone: [ '1.0.4' ],
36 silly audit   clsx: [ '2.1.1' ],
36 silly audit   color: [ '4.2.3' ],
36 silly audit   'color-string': [ '1.9.1' ],
36 silly audit   commander: [ '7.2.0', '12.1.0', '4.1.1', '2.20.3' ],
36 silly audit   'comment-json': [ '4.2.5' ],
36 silly audit   compressible: [ '2.0.18' ],
36 silly audit   compression: [ '1.8.1' ],
36 silly audit   negotiator: [ '0.6.4', '0.6.3' ],
36 silly audit   'concat-map': [ '0.0.1' ],
36 silly audit   connect: [ '3.7.0' ],
36 silly audit   'convert-source-map': [ '2.0.0' ],
36 silly audit   'core-js-compat': [ '3.47.0' ],
36 silly audit   'core-util-is': [ '1.0.3' ],
36 silly audit   cosmiconfig: [ '5.2.1' ],
36 silly audit   'import-fresh': [ '2.0.0', '3.3.1' ],
36 silly audit   'resolve-from': [ '3.0.0', '4.0.0', '5.0.0' ],
36 silly audit   'cross-fetch': [ '3.2.0' ],
36 silly audit   'cross-spawn': [ '7.0.6' ],
36 silly audit   'crypto-random-string': [ '2.0.0' ],
36 silly audit   'css-in-js-utils': [ '3.1.0' ],
36 silly audit   'css-select': [ '5.2.2' ],
36 silly audit   'css-tree': [ '1.1.3' ],
36 silly audit   'source-map': [ '0.6.1', '0.5.7' ],
36 silly audit   'css-what': [ '6.2.2' ],
36 silly audit   cssesc: [ '3.0.0' ],
36 silly audit   csstype: [ '3.1.3' ],
36 silly audit   'data-view-buffer': [ '1.0.2' ],
36 silly audit   'data-view-byte-length': [ '1.0.2' ],
36 silly audit   'data-view-byte-offset': [ '1.0.1' ],
36 silly audit   'decode-uri-component': [ '0.2.2' ],
36 silly audit   'deep-extend': [ '0.6.0' ],
36 silly audit   'deep-is': [ '0.1.4' ],
36 silly audit   deepmerge: [ '4.3.1' ],
36 silly audit   defaults: [ '1.0.4' ],
36 silly audit   'define-data-property': [ '1.1.4' ],
36 silly audit   'define-lazy-prop': [ '2.0.0' ],
36 silly audit   'define-properties': [ '1.2.1' ],
36 silly audit   depd: [ '2.0.0' ],
36 silly audit   destroy: [ '1.2.0' ],
36 silly audit   'detect-libc': [ '1.0.3' ],
36 silly audit   'detect-node-es': [ '1.1.0' ],
36 silly audit   didyoumean: [ '1.2.2' ],
36 silly audit   dlv: [ '1.1.3' ],
36 silly audit   doctrine: [ '2.1.0' ],
36 silly audit   'dom-serializer': [ '2.0.0' ],
36 silly audit   domelementtype: [ '2.3.0' ],
36 silly audit   domhandler: [ '5.0.3' ],
36 silly audit   domutils: [ '3.2.2' ],
36 silly audit   dotenv: [ '16.4.7' ],
36 silly audit   'dotenv-expand': [ '11.0.7' ],
36 silly audit   'dunder-proto': [ '1.0.1' ],
36 silly audit   eastasianwidth: [ '0.2.0' ],
36 silly audit   'ee-first': [ '1.1.1' ],
36 silly audit   'electron-to-chromium': [ '1.5.267' ],
36 silly audit   encodeurl: [ '1.0.2', '2.0.0' ],
36 silly audit   entities: [ '4.5.0' ],
36 silly audit   'env-editor': [ '0.4.2' ],
36 silly audit   'error-ex': [ '1.3.2' ],
36 silly audit   'error-stack-parser': [ '2.1.4' ],
36 silly audit   'es-abstract': [ '1.24.0' ],
36 silly audit   'es-define-property': [ '1.0.1' ],
36 silly audit   'es-errors': [ '1.3.0' ],
36 silly audit   'es-iterator-helpers': [ '1.2.1' ],
36 silly audit   'es-object-atoms': [ '1.1.1' ],
36 silly audit   'es-set-tostringtag': [ '2.1.0' ],
36 silly audit   'es-shim-unscopables': [ '1.1.0' ],
36 silly audit   'es-to-primitive': [ '1.3.0' ],
36 silly audit   escalade: [ '3.2.0' ],
36 silly audit   'escape-html': [ '1.0.3' ],
36 silly audit   eslint: [ '9.35.0' ],
36 silly audit   'eslint-config-expo': [ '9.2.0' ],
36 silly audit   globals: [ '16.4.0', '14.0.0' ],
36 silly audit   'eslint-import-resolver-node': [ '0.3.9' ],
36 silly audit   'eslint-import-resolver-typescript': [ '3.10.1' ],
36 silly audit   'eslint-module-utils': [ '2.12.1' ],
36 silly audit   'eslint-plugin-expo': [ '0.1.4' ],
36 silly audit   'eslint-plugin-import': [ '2.32.0' ],
36 silly audit   'eslint-plugin-react': [ '7.37.5' ],
36 silly audit   'eslint-plugin-react-hooks': [ '5.2.0' ],
36 silly audit   resolve: [ '2.0.0-next.5', '1.7.1', '1.22.10' ],
36 silly audit   'eslint-scope': [ '8.4.0' ],
36 silly audit   espree: [ '10.4.0' ],
36 silly audit   esprima: [ '4.0.1' ],
36 silly audit   esquery: [ '1.6.0' ],
36 silly audit   esrecurse: [ '4.3.0' ],
36 silly audit   estraverse: [ '5.3.0' ],
36 silly audit   esutils: [ '2.0.3' ],
36 silly audit   etag: [ '1.8.1' ],
36 silly audit   'event-target-shim': [ '5.0.1' ],
36 silly audit   'exec-async': [ '2.2.0' ],
36 silly audit   expo: [ '53.0.25' ],
36 silly audit   'expo-application': [ '6.1.5' ],
36 silly audit   'expo-asset': [ '11.1.7' ],
36 silly audit   'expo-blur': [ '14.1.5' ],
36 silly audit   'expo-camera': [ '16.1.11' ],
36 silly audit   'expo-clipboard': [ '7.1.5' ],
36 silly audit   'expo-constants': [ '17.1.8' ],
36 silly audit   'expo-contacts': [ '14.2.5' ],
36 silly audit   'expo-dev-client': [ '5.2.4' ],
36 silly audit   'expo-dev-launcher': [ '5.1.16' ],
36 silly audit   'json-schema-traverse': [ '1.0.0', '0.4.1' ],
36 silly audit   'expo-dev-menu': [ '6.1.14' ],
36 silly audit   'expo-dev-menu-interface': [ '1.10.0' ],
36 silly audit   'expo-file-system': [ '18.1.11' ],
36 silly audit   'expo-font': [ '13.3.2' ],
36 silly audit   'expo-haptics': [ '14.1.4' ],
36 silly audit   'expo-image': [ '2.4.1' ],
36 silly audit   'expo-json-utils': [ '0.15.0' ],
36 silly audit   'expo-keep-awake': [ '14.1.4' ],
36 silly audit   'expo-linking': [ '7.1.7' ],
36 silly audit   'expo-location': [ '18.1.6' ],
36 silly audit   'expo-manifests': [ '0.16.6' ],
36 silly audit   'expo-media-library': [ '17.1.7' ],
36 silly audit   'expo-modules-autolinking': [ '2.1.14' ],
36 silly audit   'expo-modules-core': [ '2.5.0' ],
36 silly audit   'expo-network': [ '7.1.5' ],
36 silly audit   'expo-notifications': [ '0.31.4' ],
36 silly audit   'expo-router': [ '5.1.10' ],
36 silly audit   'expo-splash-screen': [ '0.30.10' ],
36 silly audit   'expo-status-bar': [ '2.2.3' ],
36 silly audit   'expo-symbols': [ '0.4.5' ],
36 silly audit   'expo-system-ui': [ '5.0.11' ],
36 silly audit   'expo-updates-interface': [ '1.1.0' ],
36 silly audit   'expo-web-browser': [ '14.2.0' ],
36 silly audit   'exponential-backoff': [ '3.1.2' ],
36 silly audit   'fast-deep-equal': [ '3.1.3' ],
36 silly audit   'fast-glob': [ '3.3.3' ],
36 silly audit   'fast-json-stable-stringify': [ '2.1.0' ],
36 silly audit   'fast-levenshtein': [ '2.0.6' ],
36 silly audit   fastq: [ '1.19.1' ],
36 silly audit   'fb-watchman': [ '2.0.2' ],
36 silly audit   fbjs: [ '3.0.5' ],
36 silly audit   'fbjs-css-vars': [ '1.0.2' ],
36 silly audit   promise: [ '7.3.1', '8.3.0' ],
36 silly audit   fdir: [ '6.5.0' ],
36 silly audit   'file-entry-cache': [ '8.0.0' ],
36 silly audit   'fill-range': [ '7.1.1' ],
36 silly audit   'filter-obj': [ '1.1.0' ],
36 silly audit   finalhandler: [ '1.1.2' ],
36 silly audit   'find-yarn-workspace-root': [ '2.0.0' ],
36 silly audit   'flat-cache': [ '4.0.1' ],
36 silly audit   flatted: [ '3.3.3' ],
36 silly audit   'flow-enums-runtime': [ '0.0.6' ],
36 silly audit   fontfaceobserver: [ '2.3.0' ],
36 silly audit   'for-each': [ '0.3.5' ],
36 silly audit   'foreground-child': [ '3.3.1' ],
36 silly audit   'signal-exit': [ '4.1.0', '3.0.7' ],
36 silly audit   'freeport-async': [ '2.0.0' ],
36 silly audit   fresh: [ '0.5.2' ],
36 silly audit   'fs-extra': [ '10.1.0' ],
36 silly audit   'fs.realpath': [ '1.0.0' ],
36 silly audit   fsevents: [ '2.3.3' ],
36 silly audit   'function-bind': [ '1.1.2' ],
36 silly audit   'function.prototype.name': [ '1.1.8' ],
36 silly audit   'functions-have-names': [ '1.2.3' ],
36 silly audit   gensync: [ '1.0.0-beta.2' ],
36 silly audit   'get-caller-file': [ '2.0.5' ],
36 silly audit   'get-intrinsic': [ '1.3.0' ],
36 silly audit   'get-nonce': [ '1.0.1' ],
36 silly audit   'get-package-type': [ '0.1.0' ],
36 silly audit   'get-proto': [ '1.0.1' ],
36 silly audit   'get-symbol-description': [ '1.1.0' ],
36 silly audit   'get-tsconfig': [ '4.10.1' ],
36 silly audit   getenv: [ '2.0.0' ],
36 silly audit   globalthis: [ '1.0.4' ],
36 silly audit   gopd: [ '1.2.0' ],
36 silly audit   'graceful-fs': [ '4.2.11' ],
36 silly audit   graphemer: [ '1.4.0' ],
36 silly audit   'has-bigints': [ '1.1.0' ],
36 silly audit   'has-own-prop': [ '2.0.0' ],
36 silly audit   'has-property-descriptors': [ '1.0.2' ],
36 silly audit   'has-proto': [ '1.2.0' ],
36 silly audit   'has-symbols': [ '1.1.0' ],
36 silly audit   'has-tostringtag': [ '1.0.2' ],
36 silly audit   hasown: [ '2.0.2' ],
36 silly audit   'hermes-estree': [ '0.25.1', '0.29.1' ],
36 silly audit   'hermes-parser': [ '0.25.1', '0.29.1' ],
36 silly audit   'hoist-non-react-statics': [ '3.3.2' ],
36 silly audit   'react-is': [ '16.13.1', '18.3.1', '19.1.1' ],
36 silly audit   'hosted-git-info': [ '7.0.2' ],
36 silly audit   'lru-cache': [ '10.4.3', '5.1.1' ],
36 silly audit   'http-errors': [ '2.0.0', '2.0.1' ],
36 silly audit   statuses: [ '2.0.1', '2.0.2', '1.5.0' ],
36 silly audit   'https-proxy-agent': [ '7.0.6' ],
36 silly audit   'hyphenate-style-name': [ '1.1.0' ],
36 silly audit   'iceberg-js': [ '0.8.1' ],
36 silly audit   ieee754: [ '1.2.1' ],
36 silly audit   'image-size': [ '1.2.1' ],
36 silly audit   imurmurhash: [ '0.1.4' ],
36 silly audit   inflight: [ '1.0.6' ],
36 silly audit   inherits: [ '2.0.4' ],
36 silly audit   ini: [ '1.3.8' ],
36 silly audit   'inline-style-prefixer': [ '7.0.1' ],
36 silly audit   'input-otp-native': [ '0.5.0' ],
36 silly audit   'internal-slot': [ '1.1.0' ],
36 silly audit   invariant: [ '2.2.4' ],
36 silly audit   'is-arguments': [ '1.2.0' ],
36 silly audit   'is-array-buffer': [ '3.0.5' ],
36 silly audit   'is-arrayish': [ '0.2.1', '0.3.2' ],
36 silly audit   'is-async-function': [ '2.1.1' ],
36 silly audit   'is-bigint': [ '1.1.0' ],
36 silly audit   'is-binary-path': [ '2.1.0' ],
36 silly audit   'is-boolean-object': [ '1.2.2' ],
36 silly audit   'is-bun-module': [ '2.0.0' ],
36 silly audit   'is-callable': [ '1.2.7' ],
36 silly audit   'is-core-module': [ '2.16.1' ],
36 silly audit   'is-data-view': [ '1.0.2' ],
36 silly audit   'is-date-object': [ '1.1.0' ],
36 silly audit   'is-directory': [ '0.3.1' ],
36 silly audit   'is-docker': [ '2.2.1' ],
36 silly audit   'is-extglob': [ '2.1.1' ],
36 silly audit   'is-finalizationregistry': [ '1.1.1' ],
36 silly audit   'is-fullwidth-code-point': [ '3.0.0' ],
36 silly audit   'is-generator-function': [ '1.1.0' ],
36 silly audit   'is-glob': [ '4.0.3' ],
36 silly audit   'is-map': [ '2.0.3' ],
36 silly audit   'is-nan': [ '1.3.2' ],
36 silly audit   'is-negative-zero': [ '2.0.3' ],
36 silly audit   'is-number': [ '7.0.0' ],
36 silly audit   'is-number-object': [ '1.1.1' ],
36 silly audit   'is-plain-obj': [ '2.1.0' ],
36 silly audit   'is-regex': [ '1.2.1' ],
36 silly audit   'is-set': [ '2.0.3' ],
36 silly audit   'is-shared-array-buffer': [ '1.0.4' ],
36 silly audit   'is-string': [ '1.1.1' ],
36 silly audit   'is-symbol': [ '1.1.1' ],
36 silly audit   'is-typed-array': [ '1.1.15' ],
36 silly audit   'is-weakmap': [ '2.0.2' ],
36 silly audit   'is-weakref': [ '1.1.1' ],
36 silly audit   'is-weakset': [ '2.0.4' ],
36 silly audit   'is-wsl': [ '2.2.0' ],
36 silly audit   isarray: [ '2.0.5' ],
36 silly audit   isexe: [ '2.0.0' ],
36 silly audit   'istanbul-lib-coverage': [ '3.2.2' ],
36 silly audit   'istanbul-lib-instrument': [ '5.2.1' ],
36 silly audit   'iterator.prototype': [ '1.1.5' ],
36 silly audit   jackspeak: [ '3.4.3' ],
36 silly audit   'jest-environment-node': [ '29.7.0' ],
36 silly audit   'jest-get-type': [ '29.6.3' ],
36 silly audit   'jest-haste-map': [ '29.7.0' ],
36 silly audit   'jest-message-util': [ '29.7.0' ],
36 silly audit   'jest-mock': [ '29.7.0' ],
36 silly audit   'jest-regex-util': [ '29.6.3' ],
36 silly audit   'jest-util': [ '29.7.0' ],
36 silly audit   'jest-validate': [ '29.7.0' ],
36 silly audit   'jest-worker': [ '29.7.0' ],
36 silly audit   'jimp-compact': [ '0.16.1' ],
36 silly audit   jiti: [ '1.21.7' ],
36 silly audit   'js-tokens': [ '4.0.0' ],
36 silly audit   'jsc-safe-url': [ '0.2.4' ],
36 silly audit   jsesc: [ '3.1.0', '3.0.2' ],
36 silly audit   'json-buffer': [ '3.0.1' ],
36 silly audit   'json-parse-better-errors': [ '1.0.2' ],
36 silly audit   'json-stable-stringify': [ '1.3.0' ],
36 silly audit   'json-stable-stringify-without-jsonify': [ '1.0.1' ],
36 silly audit   json5: [ '2.2.3', '1.0.2' ],
36 silly audit   jsonfile: [ '6.2.0' ],
36 silly audit   jsonify: [ '0.0.1' ],
36 silly audit   'jsx-ast-utils': [ '3.3.5' ],
36 silly audit   keyv: [ '4.5.4' ],
36 silly audit   'klaw-sync': [ '6.0.0' ],
36 silly audit   kleur: [ '3.0.3' ],
36 silly audit   'lan-network': [ '0.1.7' ],
36 silly audit   leven: [ '3.1.0' ],
36 silly audit   levn: [ '0.4.1' ],
36 silly audit   'lighthouse-logger': [ '1.4.2' ],
36 silly audit   lightningcss: [ '1.27.0' ],
36 silly audit   'lightningcss-darwin-arm64': [ '1.27.0' ],
36 silly audit   'lightningcss-darwin-x64': [ '1.27.0' ],
36 silly audit   'lightningcss-freebsd-x64': [ '1.27.0' ],
36 silly audit   'lightningcss-linux-arm-gnueabihf': [ '1.27.0' ],
36 silly audit   'lightningcss-linux-arm64-gnu': [ '1.27.0' ],
36 silly audit   'lightningcss-linux-arm64-musl': [ '1.27.0' ],
36 silly audit   'lightningcss-linux-x64-gnu': [ '1.27.0' ],
36 silly audit   'lightningcss-linux-x64-musl': [ '1.27.0' ],
36 silly audit   'lightningcss-win32-arm64-msvc': [ '1.27.0' ],
36 silly audit   'lightningcss-win32-x64-msvc': [ '1.27.0' ],
36 silly audit   lilconfig: [ '3.1.3' ],
36 silly audit   'lines-and-columns': [ '1.2.4' ],
36 silly audit   'lodash.debounce': [ '4.0.8' ],
36 silly audit   'lodash.merge': [ '4.6.2' ],
36 silly audit   'lodash.throttle': [ '4.1.1' ],
36 silly audit   'log-symbols': [ '2.2.0' ],
36 silly audit   'loose-envify': [ '1.4.0' ],
36 silly audit   'lucide-react-native': [ '0.542.0' ],
36 silly audit   makeerror: [ '1.0.12' ],
36 silly audit   marky: [ '1.3.0' ],
36 silly audit   'math-intrinsics': [ '1.1.0' ],
36 silly audit   'mdn-data': [ '2.0.14' ],
36 silly audit   'memoize-one': [ '5.2.1', '6.0.0' ],
36 silly audit   'merge-options': [ '3.0.4' ],
36 silly audit   'merge-stream': [ '2.0.0' ],
36 silly audit   merge2: [ '1.4.1' ],
36 silly audit   metro: [ '0.82.5' ],
36 silly audit   'metro-babel-transformer': [ '0.82.5' ],
36 silly audit   'metro-cache': [ '0.82.5' ],
36 silly audit   'metro-cache-key': [ '0.82.5' ],
36 silly audit   'metro-config': [ '0.82.5' ],
36 silly audit   'metro-core': [ '0.82.5' ],
36 silly audit   'metro-file-map': [ '0.82.5' ],
36 silly audit   'metro-minify-terser': [ '0.82.5' ],
36 silly audit   'metro-resolver': [ '0.82.5' ],
36 silly audit   'metro-runtime': [ '0.82.5' ],
36 silly audit   'metro-source-map': [ '0.82.5' ],
36 silly audit   'metro-symbolicate': [ '0.82.5' ],
36 silly audit   'metro-transform-plugins': [ '0.82.5' ],
36 silly audit   'metro-transform-worker': [ '0.82.5' ],
36 silly audit   micromatch: [ '4.0.8' ],
36 silly audit   mime: [ '1.6.0' ],
36 silly audit   'mime-db': [ '1.54.0', '1.52.0' ],
36 silly audit   'mime-types': [ '2.1.35' ],
36 silly audit   'mimic-fn': [ '1.2.0' ],
36 silly audit   minimist: [ '1.2.8' ],
36 silly audit   minipass: [ '7.1.2' ],
36 silly audit   minizlib: [ '3.1.0' ],
36 silly audit   mkdirp: [ '1.0.4' ],
36 silly audit   mz: [ '2.7.0' ],
36 silly audit   nanoid: [ '3.3.11' ],
36 silly audit   'napi-postinstall': [ '0.3.3' ],
36 silly audit   nativewind: [ '4.1.23' ],
36 silly audit   'natural-compare': [ '1.4.0' ],
36 silly audit   'nested-error-stacks': [ '2.0.1' ],
36 silly audit   'node-fetch': [ '2.7.0' ],
36 silly audit   'node-forge': [ '1.3.3' ],
36 silly audit   'node-int64': [ '0.4.0' ],
36 silly audit   'node-releases': [ '2.0.27' ],
36 silly audit   'normalize-path': [ '3.0.0' ],
36 silly audit   'npm-package-arg': [ '11.0.3' ],
36 silly audit   'nth-check': [ '2.1.1' ],
36 silly audit   nullthrows: [ '1.1.1' ],
36 silly audit   ob1: [ '0.82.5' ],
36 silly audit   'object-assign': [ '4.1.1' ],
36 silly audit   'object-hash': [ '3.0.0' ],
36 silly audit   'object-inspect': [ '1.13.4' ],
36 silly audit   'object-is': [ '1.1.6' ],
36 silly audit   'object-keys': [ '1.1.1' ],
36 silly audit   'object.assign': [ '4.1.7' ],
36 silly audit   'object.entries': [ '1.1.9' ],
36 silly audit   'object.fromentries': [ '2.0.8' ],
36 silly audit   'object.groupby': [ '1.0.3' ],
36 silly audit   'object.values': [ '1.2.1' ],
36 silly audit   'on-finished': [ '2.3.0', '2.4.1' ],
36 silly audit   'on-headers': [ '1.1.0' ],
36 silly audit   once: [ '1.4.0' ],
36 silly audit   onetime: [ '2.0.1' ],
36 silly audit   optionator: [ '0.9.4' ],
36 silly audit   ora: [ '3.4.0' ],
36 silly audit   'own-keys': [ '1.0.1' ],
36 silly audit   'p-try': [ '2.2.0' ],
36 silly audit   'package-json-from-dist': [ '1.0.1' ],
36 silly audit   'parent-module': [ '1.0.1' ],
36 silly audit   'parse-json': [ '4.0.0' ],
36 silly audit   'parse-png': [ '2.1.0' ],
36 silly audit   parseurl: [ '1.3.3' ],
36 silly audit   'patch-package': [ '8.0.1' ],
36 silly audit   slash: [ '2.0.0', '3.0.0' ],
36 silly audit   'path-exists': [ '4.0.0' ],
36 silly audit   'path-is-absolute': [ '1.0.1' ],
36 silly audit   'path-key': [ '3.1.1' ],
36 silly audit   'path-parse': [ '1.0.7' ],
36 silly audit   'path-scurry': [ '1.11.1' ],
36 silly audit   picocolors: [ '1.1.1' ],
36 silly audit   pify: [ '2.3.0' ],
36 silly audit   pirates: [ '4.0.7' ],
36 silly audit   plist: [ '3.1.0' ],
36 silly audit   pngjs: [ '3.4.0' ],
36 silly audit   'possible-typed-array-names': [ '1.1.0' ],
36 silly audit   postcss: [ '8.4.49' ],
36 silly audit   'postcss-import': [ '15.1.0' ],
36 silly audit   'postcss-js': [ '4.0.1' ],
36 silly audit   'postcss-load-config': [ '4.0.2' ],
36 silly audit   'postcss-nested': [ '6.2.0' ],
36 silly audit   'postcss-selector-parser': [ '6.1.2' ],
36 silly audit   'postcss-value-parser': [ '4.2.0' ],
36 silly audit   'prelude-ls': [ '1.2.1' ],
36 silly audit   prettier: [ '3.7.4' ],
36 silly audit   'prettier-plugin-tailwindcss': [ '0.5.14' ],
36 silly audit   'pretty-bytes': [ '5.6.0' ],
36 silly audit   'pretty-format': [ '29.7.0' ],
36 silly audit   'proc-log': [ '4.2.0' ],
36 silly audit   progress: [ '2.0.3' ],
36 silly audit   prompts: [ '2.4.2' ],
36 silly audit   'prop-types': [ '15.8.1' ],
36 silly audit   punycode: [ '2.3.1' ],
36 silly audit   'qrcode-terminal': [ '0.11.0' ],
36 silly audit   'query-string': [ '7.1.3' ],
36 silly audit   queue: [ '6.0.2' ],
36 silly audit   'queue-microtask': [ '1.2.3' ],
36 silly audit   'range-parser': [ '1.2.1' ],
36 silly audit   rc: [ '1.2.8' ],
36 silly audit   'strip-json-comments': [ '2.0.1', '3.1.1' ],
36 silly audit   react: [ '19.0.0' ],
36 silly audit   'react-devtools-core': [ '6.1.5' ],
36 silly audit   'react-dom': [ '19.0.0' ],
36 silly audit   'react-fast-compare': [ '3.2.2' ],
36 silly audit   'react-freeze': [ '1.0.4' ],
36 silly audit   'react-native': [ '0.79.6' ],
36 silly audit   'react-native-css-interop': [ '0.1.22' ],
36 silly audit   'react-native-edge-to-edge': [ '1.6.0' ],
36 silly audit   'react-native-gesture-handler': [ '2.24.0' ],
36 silly audit   'react-native-is-edge-to-edge': [ '1.2.1', '1.1.7' ],
36 silly audit   'react-native-reanimated': [ '3.17.5' ],
36 silly audit   'react-native-safe-area-context': [ '5.4.0' ],
36 silly audit   'react-native-screens': [ '4.11.1' ],
36 silly audit   'react-native-svg': [ '15.11.2' ],
36 silly audit   'react-native-url-polyfill': [ '2.0.0' ],
36 silly audit   'react-native-web': [ '0.20.0' ],
36 silly audit   'react-native-webview': [ '13.13.5' ],
36 silly audit   '@react-native/virtualized-lists': [ '0.79.6' ],
36 silly audit   'react-refresh': [ '0.14.2' ],
36 silly audit   'react-remove-scroll': [ '2.7.1' ],
36 silly audit   'react-remove-scroll-bar': [ '2.3.8' ],
36 silly audit   'react-style-singleton': [ '2.2.3' ],
36 silly audit   'read-cache': [ '1.0.0' ],
36 silly audit   readdirp: [ '3.6.0' ],
36 silly audit   'reflect.getprototypeof': [ '1.0.10' ],
36 silly audit   regenerate: [ '1.4.2' ],
36 silly audit   'regenerate-unicode-properties': [ '10.2.2' ],
36 silly audit   'regenerator-runtime': [ '0.13.11' ],
36 silly audit   'regexp.prototype.flags': [ '1.5.4' ],
36 silly audit   'regexpu-core': [ '6.3.0' ],
36 silly audit   regjsgen: [ '0.8.0' ],
36 silly audit   regjsparser: [ '0.12.0' ],
36 silly audit   'repeat-string': [ '1.6.1' ],
36 silly audit   'require-directory': [ '2.1.1' ],
36 silly audit   'require-from-string': [ '2.0.2' ],
36 silly audit   requireg: [ '0.2.2' ],
36 silly audit   'resolve-pkg-maps': [ '1.0.0' ],
36 silly audit   'resolve-workspace-root': [ '2.0.0' ],
36 silly audit   'resolve.exports': [ '2.0.3' ],
36 silly audit   'restore-cursor': [ '2.0.0' ],
36 silly audit   reusify: [ '1.1.0' ],
36 silly audit   'run-parallel': [ '1.2.0' ],
36 silly audit   'safe-array-concat': [ '1.1.3' ],
36 silly audit   'safe-buffer': [ '5.2.1' ],
36 silly audit   'safe-push-apply': [ '1.0.0' ],
36 silly audit   'safe-regex-test': [ '1.1.0' ],
36 silly audit   sax: [ '1.4.1' ],
36 silly audit   scheduler: [ '0.25.0' ],
36 silly audit   send: [ '0.19.2', '0.19.0' ],
36 silly audit   'serialize-error': [ '2.1.0' ],
36 silly audit   'serve-static': [ '1.16.2' ],
36 silly audit   'server-only': [ '0.0.1' ],
36 silly audit   'set-function-length': [ '1.2.2' ],
36 silly audit   'set-function-name': [ '2.0.2' ],
36 silly audit   'set-proto': [ '1.0.0' ],
36 silly audit   setimmediate: [ '1.0.5' ],
36 silly audit   setprototypeof: [ '1.2.0' ],
36 silly audit   'sf-symbols-typescript': [ '2.1.0' ],
36 silly audit   shallowequal: [ '1.1.0' ],
36 silly audit   'shebang-command': [ '2.0.0' ],
36 silly audit   'shebang-regex': [ '3.0.0' ],
36 silly audit   'shell-quote': [ '1.8.3' ],
36 silly audit   'side-channel': [ '1.1.0' ],
36 silly audit   'side-channel-list': [ '1.0.0' ],
36 silly audit   'side-channel-map': [ '1.0.1' ],
36 silly audit   'side-channel-weakmap': [ '1.0.2' ],
36 silly audit   'simple-plist': [ '1.3.1' ],
36 silly audit   'simple-swizzle': [ '0.2.2' ],
36 silly audit   sisteransi: [ '1.0.5' ],
36 silly audit   slugify: [ '1.6.6' ],
36 silly audit   'source-map-js': [ '1.2.1' ],
36 silly audit   'source-map-support': [ '0.5.21' ],
36 silly audit   'split-on-first': [ '1.1.0' ],
36 silly audit   'sprintf-js': [ '1.0.3' ],
36 silly audit   'stable-hash': [ '0.0.5' ],
36 silly audit   'stack-utils': [ '2.0.6' ],
36 silly audit   stackframe: [ '1.3.4' ],
36 silly audit   'stacktrace-parser': [ '0.1.11' ],
36 silly audit   'stop-iteration-iterator': [ '1.1.0' ],
36 silly audit   'stream-buffers': [ '2.2.0' ],
36 silly audit   'strict-uri-encode': [ '2.0.0' ],
36 silly audit   'string.prototype.matchall': [ '4.0.12' ],
36 silly audit   'string.prototype.repeat': [ '1.0.0' ],
36 silly audit   'string.prototype.trim': [ '1.2.10' ],
36 silly audit   'string.prototype.trimend': [ '1.0.9' ],
36 silly audit   'string.prototype.trimstart': [ '1.0.8' ],
36 silly audit   'strip-bom': [ '3.0.0' ],
36 silly audit   'structured-headers': [ '0.4.1' ],
36 silly audit   styleq: [ '0.1.3' ],
36 silly audit   sucrase: [ '3.35.0' ],
36 silly audit   'supports-hyperlinks': [ '2.3.0' ],
36 silly audit   'supports-preserve-symlinks-flag': [ '1.0.0' ],
36 silly audit   'tailwind-merge': [ '3.3.1' ],
36 silly audit   tailwindcss: [ '3.4.17' ],
36 silly audit   tar: [ '7.5.2' ],
36 silly audit   yallist: [ '5.0.0', '3.1.1' ],
36 silly audit   'temp-dir': [ '2.0.0' ],
36 silly audit   'terminal-link': [ '2.1.1' ],
36 silly audit   terser: [ '5.44.0' ],
36 silly audit   'test-exclude': [ '6.0.0' ],
36 silly audit   thenify: [ '3.3.1' ],
36 silly audit   'thenify-all': [ '1.6.0' ],
36 silly audit   throat: [ '5.0.0' ],
36 silly audit   tinyglobby: [ '0.2.15' ],
36 silly audit   tmp: [ '0.2.5' ],
36 silly audit   tmpl: [ '1.0.5' ],
36 silly audit   'to-regex-range': [ '5.0.1' ],
36 silly audit   toidentifier: [ '1.0.1' ],
36 silly audit   tr46: [ '0.0.3' ],
36 silly audit   'ts-api-utils': [ '2.1.0' ],
36 silly audit   'ts-interface-checker': [ '0.1.13' ],
36 silly audit   'tsconfig-paths': [ '3.15.0' ],
36 silly audit   tslib: [ '2.8.1' ],
36 silly audit   'type-check': [ '0.4.0' ],
36 silly audit   'type-detect': [ '4.0.8' ],
36 silly audit   'typed-array-buffer': [ '1.0.3' ],
36 silly audit   'typed-array-byte-length': [ '1.0.3' ],
36 silly audit   'typed-array-byte-offset': [ '1.0.4' ],
36 silly audit   'typed-array-length': [ '1.0.7' ],
36 silly audit   typescript: [ '5.8.3' ],
36 silly audit   'ua-parser-js': [ '1.0.41' ],
36 silly audit   'unbox-primitive': [ '1.1.0' ],
36 silly audit   undici: [ '6.21.3' ],
36 silly audit   'undici-types': [ '7.10.0' ],
36 silly audit   'unicode-canonical-property-names-ecmascript': [ '2.0.1' ],
36 silly audit   'unicode-match-property-ecmascript': [ '2.0.0' ],
36 silly audit   'unicode-match-property-value-ecmascript': [ '2.2.1' ],
36 silly audit   'unicode-property-aliases-ecmascript': [ '2.1.0' ],
36 silly audit   'unique-string': [ '2.0.0' ],
36 silly audit   universalify: [ '2.0.1' ],
36 silly audit   unpipe: [ '1.0.0' ],
36 silly audit   'unrs-resolver': [ '1.11.1' ],
36 silly audit   'update-browserslist-db': [ '1.2.3' ],
36 silly audit   'uri-js': [ '4.4.1' ],
36 silly audit   'use-callback-ref': [ '1.3.3' ],
36 silly audit   'use-latest-callback': [ '0.2.4' ],
36 silly audit   'use-sidecar': [ '1.1.3' ],
36 silly audit   'use-sync-external-store': [ '1.5.0' ],
36 silly audit   util: [ '0.12.5' ],
36 silly audit   'util-deprecate': [ '1.0.2' ],
36 silly audit   'utils-merge': [ '1.0.1' ],
36 silly audit   uuid: [ '7.0.3' ],
36 silly audit   'validate-npm-package-name': [ '5.0.1' ],
36 silly audit   vary: [ '1.1.2' ],
36 silly audit   vlq: [ '1.0.1' ],
36 silly audit   walker: [ '1.0.8' ],
36 silly audit   'warn-once': [ '0.1.1' ],
36 silly audit   wcwidth: [ '1.0.1' ],
36 silly audit   'webidl-conversions': [ '3.0.1', '5.0.0' ],
36 silly audit   'whatwg-fetch': [ '3.6.20' ],
36 silly audit   'whatwg-url': [ '5.0.0' ],
36 silly audit   'whatwg-url-without-unicode': [ '8.0.0-3' ],
36 silly audit   which: [ '2.0.2' ],
36 silly audit   'which-boxed-primitive': [ '1.1.1' ],
36 silly audit   'which-builtin-type': [ '1.2.1' ],
36 silly audit   'which-collection': [ '1.0.2' ],
36 silly audit   'which-typed-array': [ '1.1.19' ],
36 silly audit   wonka: [ '6.3.5' ],
36 silly audit   'word-wrap': [ '1.2.5' ],
36 silly audit   wrappy: [ '1.0.2' ],
36 silly audit   'write-file-atomic': [ '4.0.2' ],
36 silly audit   xcode: [ '3.0.1' ],
36 silly audit   xml2js: [ '0.6.0' ],
36 silly audit   xmlbuilder: [ '11.0.1', '15.1.1' ],
36 silly audit   y18n: [ '5.0.8' ],
36 silly audit   yaml: [ '2.8.1' ],
36 silly audit   yargs: [ '17.7.2' ],
36 silly audit   'yargs-parser': [ '21.1.1' ],
36 silly audit   'yocto-queue': [ '0.1.0' ],
36 silly audit   zustand: [ '5.0.8' ],
36 silly audit   rimraf: [ '5.0.10' ]
36 silly audit }
37 verbose reify failed optional dependency /Users/dmr/Desktop/expo-nativewind-template-main/node_modules/lightningcss-win32-x64-msvc
38 silly reify mark deleted [
38 silly reify   '/Users/dmr/Desktop/expo-nativewind-template-main/node_modules/lightningcss-win32-x64-msvc'
38 silly reify ]
39 verbose reify failed optional dependency /Users/dmr/Desktop/expo-nativewind-template-main/node_modules/lightningcss-win32-arm64-msvc
40 silly reify mark deleted [
40 silly reify   '/Users/dmr/Desktop/expo-nativewind-template-main/node_modules/lightningcss-win32-arm64-msvc'
40 silly reify ]
41 verbose reify failed optional dependency /Users/dmr/Desktop/expo-nativewind-template-main/node_modules/lightningcss-linux-x64-musl
42 silly reify mark deleted [
42 silly reify   '/Users/dmr/Desktop/expo-nativewind-template-main/node_modules/lightningcss-linux-x64-musl'
42 silly reify ]
43 verbose reify failed optional dependency /Users/dmr/Desktop/expo-nativewind-template-main/node_modules/lightningcss-linux-x64-gnu
44 silly reify mark deleted [
44 silly reify   '/Users/dmr/Desktop/expo-nativewind-template-main/node_modules/lightningcss-linux-x64-gnu'
44 silly reify ]
45 verbose reify failed optional dependency /Users/dmr/Desktop/expo-nativewind-template-main/node_modules/lightningcss-linux-arm64-musl
46 silly reify mark deleted [
46 silly reify   '/Users/dmr/Desktop/expo-nativewind-template-main/node_modules/lightningcss-linux-arm64-musl'
46 silly reify ]
47 verbose reify failed optional dependency /Users/dmr/Desktop/expo-nativewind-template-main/node_modules/lightningcss-linux-arm64-gnu
48 silly reify mark deleted [
48 silly reify   '/Users/dmr/Desktop/expo-nativewind-template-main/node_modules/lightningcss-linux-arm64-gnu'
48 silly reify ]
49 verbose reify failed optional dependency /Users/dmr/Desktop/expo-nativewind-template-main/node_modules/lightningcss-linux-arm-gnueabihf
50 silly reify mark deleted [
50 silly reify   '/Users/dmr/Desktop/expo-nativewind-template-main/node_modules/lightningcss-linux-arm-gnueabihf'
50 silly reify ]
51 verbose reify failed optional dependency /Users/dmr/Desktop/expo-nativewind-template-main/node_modules/lightningcss-freebsd-x64
52 silly reify mark deleted [
52 silly reify   '/Users/dmr/Desktop/expo-nativewind-template-main/node_modules/lightningcss-freebsd-x64'
52 silly reify ]
53 verbose reify failed optional dependency /Users/dmr/Desktop/expo-nativewind-template-main/node_modules/lightningcss-darwin-x64
54 silly reify mark deleted [
54 silly reify   '/Users/dmr/Desktop/expo-nativewind-template-main/node_modules/lightningcss-darwin-x64'
54 silly reify ]
55 verbose reify failed optional dependency /Users/dmr/Desktop/expo-nativewind-template-main/node_modules/@unrs/resolver-binding-win32-x64-msvc
56 silly reify mark deleted [
56 silly reify   '/Users/dmr/Desktop/expo-nativewind-template-main/node_modules/@unrs/resolver-binding-win32-x64-msvc'
56 silly reify ]
57 verbose reify failed optional dependency /Users/dmr/Desktop/expo-nativewind-template-main/node_modules/@unrs/resolver-binding-win32-ia32-msvc
58 silly reify mark deleted [
58 silly reify   '/Users/dmr/Desktop/expo-nativewind-template-main/node_modules/@unrs/resolver-binding-win32-ia32-msvc'
58 silly reify ]
59 verbose reify failed optional dependency /Users/dmr/Desktop/expo-nativewind-template-main/node_modules/@unrs/resolver-binding-win32-arm64-msvc
60 silly reify mark deleted [
60 silly reify   '/Users/dmr/Desktop/expo-nativewind-template-main/node_modules/@unrs/resolver-binding-win32-arm64-msvc'
60 silly reify ]
61 verbose reify failed optional dependency /Users/dmr/Desktop/expo-nativewind-template-main/node_modules/@unrs/resolver-binding-wasm32-wasi
62 silly reify mark deleted [
62 silly reify   '/Users/dmr/Desktop/expo-nativewind-template-main/node_modules/@unrs/resolver-binding-wasm32-wasi'
62 silly reify ]
63 verbose reify failed optional dependency /Users/dmr/Desktop/expo-nativewind-template-main/node_modules/@napi-rs/wasm-runtime
64 silly reify mark deleted [
64 silly reify   '/Users/dmr/Desktop/expo-nativewind-template-main/node_modules/@napi-rs/wasm-runtime'
64 silly reify ]
65 verbose reify failed optional dependency /Users/dmr/Desktop/expo-nativewind-template-main/node_modules/@emnapi/core
66 silly reify mark deleted [
66 silly reify   '/Users/dmr/Desktop/expo-nativewind-template-main/node_modules/@emnapi/core'
66 silly reify ]
67 verbose reify failed optional dependency /Users/dmr/Desktop/expo-nativewind-template-main/node_modules/@emnapi/runtime
68 silly reify mark deleted [
68 silly reify   '/Users/dmr/Desktop/expo-nativewind-template-main/node_modules/@emnapi/runtime'
68 silly reify ]
69 verbose reify failed optional dependency /Users/dmr/Desktop/expo-nativewind-template-main/node_modules/@tybys/wasm-util
70 silly reify mark deleted [
70 silly reify   '/Users/dmr/Desktop/expo-nativewind-template-main/node_modules/@tybys/wasm-util'
70 silly reify ]
71 verbose reify failed optional dependency /Users/dmr/Desktop/expo-nativewind-template-main/node_modules/@emnapi/wasi-threads
72 silly reify mark deleted [
72 silly reify   '/Users/dmr/Desktop/expo-nativewind-template-main/node_modules/@emnapi/wasi-threads'
72 silly reify ]
73 verbose reify failed optional dependency /Users/dmr/Desktop/expo-nativewind-template-main/node_modules/@unrs/resolver-binding-linux-x64-musl
74 silly reify mark deleted [
74 silly reify   '/Users/dmr/Desktop/expo-nativewind-template-main/node_modules/@unrs/resolver-binding-linux-x64-musl'
74 silly reify ]
75 verbose reify failed optional dependency /Users/dmr/Desktop/expo-nativewind-template-main/node_modules/@unrs/resolver-binding-linux-x64-gnu
76 silly reify mark deleted [
76 silly reify   '/Users/dmr/Desktop/expo-nativewind-template-main/node_modules/@unrs/resolver-binding-linux-x64-gnu'
76 silly reify ]
77 verbose reify failed optional dependency /Users/dmr/Desktop/expo-nativewind-template-main/node_modules/@unrs/resolver-binding-linux-s390x-gnu
78 silly reify mark deleted [
78 silly reify   '/Users/dmr/Desktop/expo-nativewind-template-main/node_modules/@unrs/resolver-binding-linux-s390x-gnu'
78 silly reify ]
79 verbose reify failed optional dependency /Users/dmr/Desktop/expo-nativewind-template-main/node_modules/@unrs/resolver-binding-linux-riscv64-musl
80 silly reify mark deleted [
80 silly reify   '/Users/dmr/Desktop/expo-nativewind-template-main/node_modules/@unrs/resolver-binding-linux-riscv64-musl'
80 silly reify ]
81 verbose reify failed optional dependency /Users/dmr/Desktop/expo-nativewind-template-main/node_modules/@unrs/resolver-binding-linux-riscv64-gnu
82 silly reify mark deleted [
82 silly reify   '/Users/dmr/Desktop/expo-nativewind-template-main/node_modules/@unrs/resolver-binding-linux-riscv64-gnu'
82 silly reify ]
83 verbose reify failed optional dependency /Users/dmr/Desktop/expo-nativewind-template-main/node_modules/@unrs/resolver-binding-linux-ppc64-gnu
84 silly reify mark deleted [
84 silly reify   '/Users/dmr/Desktop/expo-nativewind-template-main/node_modules/@unrs/resolver-binding-linux-ppc64-gnu'
84 silly reify ]
85 verbose reify failed optional dependency /Users/dmr/Desktop/expo-nativewind-template-main/node_modules/@unrs/resolver-binding-linux-arm64-musl
86 silly reify mark deleted [
86 silly reify   '/Users/dmr/Desktop/expo-nativewind-template-main/node_modules/@unrs/resolver-binding-linux-arm64-musl'
86 silly reify ]
87 verbose reify failed optional dependency /Users/dmr/Desktop/expo-nativewind-template-main/node_modules/@unrs/resolver-binding-linux-arm64-gnu
88 silly reify mark deleted [
88 silly reify   '/Users/dmr/Desktop/expo-nativewind-template-main/node_modules/@unrs/resolver-binding-linux-arm64-gnu'
88 silly reify ]
89 verbose reify failed optional dependency /Users/dmr/Desktop/expo-nativewind-template-main/node_modules/@unrs/resolver-binding-linux-arm-musleabihf
90 silly reify mark deleted [
90 silly reify   '/Users/dmr/Desktop/expo-nativewind-template-main/node_modules/@unrs/resolver-binding-linux-arm-musleabihf'
90 silly reify ]
91 verbose reify failed optional dependency /Users/dmr/Desktop/expo-nativewind-template-main/node_modules/@unrs/resolver-binding-linux-arm-gnueabihf
92 silly reify mark deleted [
92 silly reify   '/Users/dmr/Desktop/expo-nativewind-template-main/node_modules/@unrs/resolver-binding-linux-arm-gnueabihf'
92 silly reify ]
93 verbose reify failed optional dependency /Users/dmr/Desktop/expo-nativewind-template-main/node_modules/@unrs/resolver-binding-freebsd-x64
94 silly reify mark deleted [
94 silly reify   '/Users/dmr/Desktop/expo-nativewind-template-main/node_modules/@unrs/resolver-binding-freebsd-x64'
94 silly reify ]
95 verbose reify failed optional dependency /Users/dmr/Desktop/expo-nativewind-template-main/node_modules/@unrs/resolver-binding-darwin-x64
96 silly reify mark deleted [
96 silly reify   '/Users/dmr/Desktop/expo-nativewind-template-main/node_modules/@unrs/resolver-binding-darwin-x64'
96 silly reify ]
97 verbose reify failed optional dependency /Users/dmr/Desktop/expo-nativewind-template-main/node_modules/@unrs/resolver-binding-android-arm64
98 silly reify mark deleted [
98 silly reify   '/Users/dmr/Desktop/expo-nativewind-template-main/node_modules/@unrs/resolver-binding-android-arm64'
98 silly reify ]
99 verbose reify failed optional dependency /Users/dmr/Desktop/expo-nativewind-template-main/node_modules/@unrs/resolver-binding-android-arm-eabi
100 silly reify mark deleted [
100 silly reify   '/Users/dmr/Desktop/expo-nativewind-template-main/node_modules/@unrs/resolver-binding-android-arm-eabi'
100 silly reify ]
101 silly tarball no local data for @emnapi/wasi-threads@https://registry.npmjs.org/@emnapi/wasi-threads/-/wasi-threads-1.1.0.tgz. Extracting by manifest.
102 silly tarball no local data for @tybys/wasm-util@https://registry.npmjs.org/@tybys/wasm-util/-/wasm-util-0.10.0.tgz. Extracting by manifest.
103 silly tarball no local data for rimraf@https://registry.npmjs.org/rimraf/-/rimraf-5.0.10.tgz. Extracting by manifest.
104 silly tarball no local data for @napi-rs/wasm-runtime@https://registry.npmjs.org/@napi-rs/wasm-runtime/-/wasm-runtime-0.2.12.tgz. Extracting by manifest.
105 silly tarball no local data for @emnapi/runtime@https://registry.npmjs.org/@emnapi/runtime/-/runtime-1.5.0.tgz. Extracting by manifest.
106 silly tarball no local data for @emnapi/core@https://registry.npmjs.org/@emnapi/core/-/core-1.5.0.tgz. Extracting by manifest.
107 silly tarball no local data for brace-expansion@https://registry.npmjs.org/brace-expansion/-/brace-expansion-2.0.2.tgz. Extracting by manifest.
108 silly tarball no local data for glob@https://registry.npmjs.org/glob/-/glob-10.5.0.tgz. Extracting by manifest.
109 silly tarball no local data for minimatch@https://registry.npmjs.org/minimatch/-/minimatch-9.0.5.tgz. Extracting by manifest.
110 http fetch GET 200 https://registry.npmjs.org/brace-expansion/-/brace-expansion-2.0.2.tgz 249ms (cache miss)
111 http fetch POST 200 https://registry.npmjs.org/-/npm/v1/security/advisories/bulk 262ms
112 silly audit report {
112 silly audit report   glob: [
112 silly audit report     {
112 silly audit report       id: 1109842,
112 silly audit report       url: 'https://github.com/advisories/GHSA-5j98-mcp5-4vw2',
112 silly audit report       title: 'glob CLI: Command injection via -c/--cmd executes matches with shell:true',
112 silly audit report       severity: 'high',
112 silly audit report       vulnerable_versions: '>=10.2.0 <10.5.0',
112 silly audit report       cwe: [Array],
112 silly audit report       cvss: [Object]
112 silly audit report     }
112 silly audit report   ],
112 silly audit report   'js-yaml': [
112 silly audit report     {
112 silly audit report       id: 1109801,
112 silly audit report       url: 'https://github.com/advisories/GHSA-mh29-5h37-fv8m',
112 silly audit report       title: 'js-yaml has prototype pollution in merge (<<)',
112 silly audit report       severity: 'moderate',
112 silly audit report       vulnerable_versions: '<3.14.2',
112 silly audit report       cwe: [Array],
112 silly audit report       cvss: [Object]
112 silly audit report     },
112 silly audit report     {
112 silly audit report       id: 1109802,
112 silly audit report       url: 'https://github.com/advisories/GHSA-mh29-5h37-fv8m',
112 silly audit report       title: 'js-yaml has prototype pollution in merge (<<)',
112 silly audit report       severity: 'moderate',
112 silly audit report       vulnerable_versions: '>=4.0.0 <4.1.1',
112 silly audit report       cwe: [Array],
112 silly audit report       cvss: [Object]
112 silly audit report     }
112 silly audit report   ]
112 silly audit report }
113 silly packumentCache corgi:https://registry.npmjs.org/glob cache-miss
114 silly packumentCache corgi:https://registry.npmjs.org/js-yaml cache-miss
115 http fetch GET 200 https://registry.npmjs.org/minimatch/-/minimatch-9.0.5.tgz 268ms (cache miss)
116 http fetch GET 200 https://registry.npmjs.org/glob/-/glob-10.5.0.tgz 278ms (cache miss)
117 http fetch GET 200 https://registry.npmjs.org/rimraf/-/rimraf-5.0.10.tgz 283ms (cache miss)
118 http fetch GET 200 https://registry.npmjs.org/glob 67ms (cache miss)
119 silly packumentCache corgi:https://registry.npmjs.org/glob set size:undefined disposed:false
120 http fetch GET 200 https://registry.npmjs.org/js-yaml 73ms (cache miss)
121 silly packumentCache corgi:https://registry.npmjs.org/js-yaml set size:undefined disposed:false
122 silly packumentCache corgi:https://registry.npmjs.org/@expo%2fconfig-plugins cache-miss
123 silly packumentCache corgi:https://registry.npmjs.org/@expo%2fconfig cache-miss
124 silly packumentCache corgi:https://registry.npmjs.org/@expo%2ffingerprint cache-miss
125 silly packumentCache corgi:https://registry.npmjs.org/expo-modules-autolinking cache-miss
126 silly packumentCache corgi:https://registry.npmjs.org/sucrase cache-miss
127 http fetch GET 200 https://registry.npmjs.org/@emnapi/runtime/-/runtime-1.5.0.tgz 393ms (cache miss)
128 http fetch GET 200 https://registry.npmjs.org/@emnapi/wasi-threads/-/wasi-threads-1.1.0.tgz 399ms (cache miss)
129 http fetch GET 200 https://registry.npmjs.org/@tybys/wasm-util/-/wasm-util-0.10.0.tgz 416ms (cache miss)
130 http fetch GET 200 https://registry.npmjs.org/sucrase 88ms (cache miss)
131 silly packumentCache corgi:https://registry.npmjs.org/sucrase set size:undefined disposed:false
132 http fetch GET 200 https://registry.npmjs.org/@napi-rs/wasm-runtime/-/wasm-runtime-0.2.12.tgz 453ms (cache miss)
133 http fetch GET 200 https://registry.npmjs.org/@expo%2fconfig-plugins 133ms (cache miss)
134 silly packumentCache corgi:https://registry.npmjs.org/@expo%2fconfig-plugins set size:undefined disposed:false
135 http fetch GET 200 https://registry.npmjs.org/@expo%2fconfig 145ms (cache miss)
136 silly packumentCache corgi:https://registry.npmjs.org/@expo%2fconfig set size:undefined disposed:false
137 http fetch GET 200 https://registry.npmjs.org/@emnapi/core/-/core-1.5.0.tgz 501ms (cache miss)
138 http fetch GET 200 https://registry.npmjs.org/expo-modules-autolinking 365ms (cache miss)
139 silly packumentCache corgi:https://registry.npmjs.org/expo-modules-autolinking set size:undefined disposed:false
140 http fetch GET 200 https://registry.npmjs.org/@expo%2ffingerprint 455ms (cache miss)
141 silly packumentCache corgi:https://registry.npmjs.org/@expo%2ffingerprint set size:undefined disposed:false
142 silly packumentCache corgi:https://registry.npmjs.org/@istanbuljs%2fload-nyc-config cache-miss
143 silly packumentCache corgi:https://registry.npmjs.org/cosmiconfig cache-miss
144 http fetch GET 200 https://registry.npmjs.org/@istanbuljs%2fload-nyc-config 49ms (cache miss)
145 silly packumentCache corgi:https://registry.npmjs.org/@istanbuljs%2fload-nyc-config set size:undefined disposed:false
146 http fetch GET 200 https://registry.npmjs.org/cosmiconfig 510ms (cache miss)
147 silly packumentCache corgi:https://registry.npmjs.org/cosmiconfig set size:undefined disposed:false
148 silly packumentCache corgi:https://registry.npmjs.org/@eslint%2feslintrc cache-miss
149 silly packumentCache corgi:https://registry.npmjs.org/@expo%2fxcpretty cache-miss
150 http fetch GET 200 https://registry.npmjs.org/@eslint%2feslintrc 61ms (cache miss)
151 silly packumentCache corgi:https://registry.npmjs.org/@eslint%2feslintrc set size:undefined disposed:false
152 http fetch GET 200 https://registry.npmjs.org/@expo%2fxcpretty 83ms (cache miss)
153 silly packumentCache corgi:https://registry.npmjs.org/@expo%2fxcpretty set size:undefined disposed:false
154 silly ADD
155 silly ADD
156 silly ADD
157 silly ADD
158 silly ADD
159 silly ADD
160 silly ADD
161 silly ADD
162 silly ADD
163 silly ADD
164 silly ADD
165 silly ADD
166 silly ADD
167 silly ADD
168 silly ADD
169 silly ADD
170 silly ADD
171 silly ADD
172 silly ADD
173 silly ADD
174 silly ADD
175 silly ADD
176 silly ADD
177 silly ADD
178 silly ADD
179 silly ADD
180 silly ADD
181 silly ADD
182 silly ADD
183 silly ADD
184 silly ADD
185 silly ADD
186 silly CHANGE node_modules/rimraf
187 silly ADD node_modules/rimraf/node_modules/brace-expansion
188 silly ADD node_modules/rimraf/node_modules/minimatch
189 silly ADD node_modules/rimraf/node_modules/glob
190 verbose cwd /Users/dmr/Desktop/expo-nativewind-template-main
191 verbose os Darwin 25.2.0
192 verbose node v20.19.5
193 verbose npm  v10.8.2
194 verbose exit 0
195 info ok
